Determining if the pthread_create exist failed with the following output:
Change Dir: /home/pi/ROS_Rover_addons/catkin_ws/src/rover/CMakeFiles/CMakeTmp

Run Build Command:"/usr/bin/make" "cmTC_58d31/fast"
/usr/bin/make -f CMakeFiles/cmTC_58d31.dir/build.make CMakeFiles/cmTC_58d31.dir/build
make[1]: Entering directory '/home/pi/ROS_Rover_addons/catkin_ws/src/rover/CMakeFiles/CMakeTmp'
Building C object CMakeFiles/cmTC_58d31.dir/CheckSymbolExists.c.o
/usr/bin/cc     -o CMakeFiles/cmTC_58d31.dir/CheckSymbolExists.c.o   -c /home/pi/ROS_Rover_addons/catkin_ws/src/rover/CMakeFiles/CMakeTmp/CheckSymbolExists.c
Linking C executable cmTC_58d31
/usr/bin/cmake -E cmake_link_script CMakeFiles/cmTC_58d31.dir/link.txt --verbose=1
/usr/bin/cc       CMakeFiles/cmTC_58d31.dir/CheckSymbolExists.c.o  -o cmTC_58d31 -rdynamic 
CMakeFiles/cmTC_58d31.dir/CheckSymbolExists.c.o: In function `main':
CheckSymbolExists.c:(.text+0x38): undefined reference to `pthread_create'
collect2: error: ld returned 1 exit status
CMakeFiles/cmTC_58d31.dir/build.make:97: recipe for target 'cmTC_58d31' failed
make[1]: *** [cmTC_58d31] Error 1
make[1]: Leaving directory '/home/pi/ROS_Rover_addons/catkin_ws/src/rover/CMakeFiles/CMakeTmp'
Makefile:126: recipe for target 'cmTC_58d31/fast' failed
make: *** [cmTC_58d31/fast] Error 2

File /home/pi/ROS_Rover_addons/catkin_ws/src/rover/CMakeFiles/CMakeTmp/CheckSymbolExists.c:
/* */
#include <pthread.h>

int main(int argc, char** argv)
{
  (void)argv;
#ifndef pthread_create
  return ((int*)(&pthread_create))[argc];
#else
  (void)argc;
  return 0;
#endif
}

Determining if the function pthread_create exists in the pthreads failed with the following output:
Change Dir: /home/pi/ROS_Rover_addons/catkin_ws/src/rover/CMakeFiles/CMakeTmp

Run Build Command:"/usr/bin/make" "cmTC_cbaa9/fast"
/usr/bin/make -f CMakeFiles/cmTC_cbaa9.dir/build.make CMakeFiles/cmTC_cbaa9.dir/build
make[1]: Entering directory '/home/pi/ROS_Rover_addons/catkin_ws/src/rover/CMakeFiles/CMakeTmp'
Building C object CMakeFiles/cmTC_cbaa9.dir/CheckFunctionExists.c.o
/usr/bin/cc    -DCHECK_FUNCTION_EXISTS=pthread_create   -o CMakeFiles/cmTC_cbaa9.dir/CheckFunctionExists.c.o   -c /usr/share/cmake-3.6/Modules/CheckFunctionExists.c
Linking C executable cmTC_cbaa9
/usr/bin/cmake -E cmake_link_script CMakeFiles/cmTC_cbaa9.dir/link.txt --verbose=1
/usr/bin/cc   -DCHECK_FUNCTION_EXISTS=pthread_create    CMakeFiles/cmTC_cbaa9.dir/CheckFunctionExists.c.o  -o cmTC_cbaa9 -rdynamic -lpthreads 
/usr/bin/ld: cannot find -lpthreads
collect2: error: ld returned 1 exit status
CMakeFiles/cmTC_cbaa9.dir/build.make:97: recipe for target 'cmTC_cbaa9' failed
make[1]: *** [cmTC_cbaa9] Error 1
make[1]: Leaving directory '/home/pi/ROS_Rover_addons/catkin_ws/src/rover/CMakeFiles/CMakeTmp'
Makefile:126: recipe for target 'cmTC_cbaa9/fast' failed
make: *** [cmTC_cbaa9/fast] Error 2


