Determining if the pthread_create exist failed with the following output:
Change Dir: /home/pi/ROS_Rover_addons/catkin_ws/build/CMakeFiles/CMakeTmp

Run Build Command:"/usr/bin/make" "cmTC_ef5aa/fast"
/usr/bin/make -f CMakeFiles/cmTC_ef5aa.dir/build.make CMakeFiles/cmTC_ef5aa.dir/build
make[1]: Entering directory '/home/pi/ROS_Rover_addons/catkin_ws/build/CMakeFiles/CMakeTmp'
Building C object CMakeFiles/cmTC_ef5aa.dir/CheckSymbolExists.c.o
/usr/bin/cc     -o CMakeFiles/cmTC_ef5aa.dir/CheckSymbolExists.c.o   -c /home/pi/ROS_Rover_addons/catkin_ws/build/CMakeFiles/CMakeTmp/CheckSymbolExists.c
Linking C executable cmTC_ef5aa
/usr/bin/cmake -E cmake_link_script CMakeFiles/cmTC_ef5aa.dir/link.txt --verbose=1
/usr/bin/cc       CMakeFiles/cmTC_ef5aa.dir/CheckSymbolExists.c.o  -o cmTC_ef5aa -rdynamic 
CMakeFiles/cmTC_ef5aa.dir/CheckSymbolExists.c.o: In function `main':
CheckSymbolExists.c:(.text+0x38): undefined reference to `pthread_create'
collect2: error: ld returned 1 exit status
CMakeFiles/cmTC_ef5aa.dir/build.make:97: recipe for target 'cmTC_ef5aa' failed
make[1]: *** [cmTC_ef5aa] Error 1
make[1]: Leaving directory '/home/pi/ROS_Rover_addons/catkin_ws/build/CMakeFiles/CMakeTmp'
Makefile:126: recipe for target 'cmTC_ef5aa/fast' failed
make: *** [cmTC_ef5aa/fast] Error 2

File /home/pi/ROS_Rover_addons/catkin_ws/build/CMakeFiles/CMakeTmp/CheckSymbolExists.c:
/* */
#include <pthread.h>

int main(int argc, char** argv)
{
  (void)argv;
#ifndef pthread_create
  return ((int*)(&pthread_create))[argc];
#else
  (void)argc;
  return 0;
#endif
}

Determining if the function pthread_create exists in the pthreads failed with the following output:
Change Dir: /home/pi/ROS_Rover_addons/catkin_ws/build/CMakeFiles/CMakeTmp

Run Build Command:"/usr/bin/make" "cmTC_3567f/fast"
/usr/bin/make -f CMakeFiles/cmTC_3567f.dir/build.make CMakeFiles/cmTC_3567f.dir/build
make[1]: Entering directory '/home/pi/ROS_Rover_addons/catkin_ws/build/CMakeFiles/CMakeTmp'
Building C object CMakeFiles/cmTC_3567f.dir/CheckFunctionExists.c.o
/usr/bin/cc    -DCHECK_FUNCTION_EXISTS=pthread_create   -o CMakeFiles/cmTC_3567f.dir/CheckFunctionExists.c.o   -c /usr/share/cmake-3.6/Modules/CheckFunctionExists.c
Linking C executable cmTC_3567f
/usr/bin/cmake -E cmake_link_script CMakeFiles/cmTC_3567f.dir/link.txt --verbose=1
/usr/bin/cc   -DCHECK_FUNCTION_EXISTS=pthread_create    CMakeFiles/cmTC_3567f.dir/CheckFunctionExists.c.o  -o cmTC_3567f -rdynamic -lpthreads 
/usr/bin/ld: cannot find -lpthreads
collect2: error: ld returned 1 exit status
CMakeFiles/cmTC_3567f.dir/build.make:97: recipe for target 'cmTC_3567f' failed
make[1]: *** [cmTC_3567f] Error 1
make[1]: Leaving directory '/home/pi/ROS_Rover_addons/catkin_ws/build/CMakeFiles/CMakeTmp'
Makefile:126: recipe for target 'cmTC_3567f/fast' failed
make: *** [cmTC_3567f/fast] Error 2


